Dieses ist die Log-Datei des Files: textb.txt

Lorem -> 275
ipsum -> 275
dolor -> 320
sit -> 275
amet -> 275
consetetur -> 123
sadipscing -> 138
elitr -> 138
sed -> 291
diam -> 291
nonumy -> 138
eirmod -> 138
tempor -> 153
invidunt -> 138
ut -> 198
labore -> 138
et -> 611
dolore -> 243
magna -> 168
aliquyam -> 138
erat -> 168
voluptua -> 123
At -> 138
vero -> 168
eos -> 138
accusam -> 138
justo -> 137
duo -> 137
dolores -> 137
ea -> 167
rebum -> 137
Stet -> 137
clita -> 137
kasd -> 137
gubergren -> 137
no -> 137
sea -> 137
takimata -> 137
sanctus -> 137
est -> 122
Duis -> 45
autem -> 45
vel -> 90
eum -> 45
iriure -> 45
in -> 90
hendrerit -> 45
vulputate -> 45
velit -> 45
esse -> 45
molestie -> 45
consequat -> 75
illum -> 45
eu -> 45
feugiat -> 45
nulla -> 75
facilisis -> 45
at -> 30
eros -> 30
accumsan -> 30
iusto -> 30
odio -> 30
dignissim -> 30
qui -> 30
blandit -> 30
praesent -> 30
luptatum -> 30
zzril -> 30
delenit -> 30
augue -> 30
duis -> 30
te -> 30
feugait -> 30
facilisi -> 30
consectetuer -> 30
adipiscing -> 30
elit -> 30
nonummy -> 30
nibh -> 30
euismod -> 30
tincidunt -> 30
laoreet -> 30
aliquam -> 30
volutpat -> 30
Ut -> 30
wisi -> 30
enim -> 30
ad -> 30
minim -> 30
veniam -> 30
quis -> 30
nostrud -> 30
exerci -> 30
tation -> 30
ullamcorper -> 30
suscipit -> 30
lobortis -> 30
nisl -> 30
aliquip -> 30
ex -> 30
commodo -> 30
Nam -> 15
liber -> 15
cum -> 15
soluta -> 15
nobis -> 15
eleifend -> 15
option -> 15
congue -> 15
nihil -> 15
imperdiet -> 15
doming -> 15
id -> 15
quod -> 15
mazim -> 15
placerat -> 15
facer -> 15
possim -> 15
assum -> 15
Consetetur -> 15
